<?xml version="1.0" encoding="UTF-8"?>
<!-- Generated by org.testng.reporters.JUnitReportReporter -->
<testsuite hostname="MAYUR" failures="0" tests="3" name="testcases.CartPageTest" time="7.382" errors="0" timestamp="2025-02-15T17:30:01 IST" skipped="0">
  <testcase classname="testcases.CartPageTest" name="cartPageHeaderText" time="2.377"/>
  <system-out/>
  <testcase classname="testcases.CartPageTest" name="verifyCartPageProductTest" time="2.460"/>
  <system-out/>
  <testcase classname="testcases.CartPageTest" name="verifyCheckoutPageTest" time="2.545"/>
  <system-out/>
</testsuite> <!-- testcases.CartPageTest -->
