<?xml version="1.0" encoding="UTF-8"?>
<!-- Generated by org.testng.reporters.JUnitReportReporter -->
<testsuite hostname="MAYUR" failures="0" tests="2" name="testcases.LoginPageTest" time="4.364" errors="0" timestamp="2025-02-15T17:30:01 IST" skipped="0">
  <testcase classname="testcases.LoginPageTest" name="loginPagetitleTest" time="2.529"/>
  <system-out/>
  <testcase classname="testcases.LoginPageTest" name="loginTest" time="1.835"/>
  <system-out/>
</testsuite> <!-- testcases.LoginPageTest -->
