<?xml version="1.0" encoding="UTF-8"?>
<!-- Generated by org.testng.reporters.JUnitReportReporter -->
<testsuite hostname="MAYUR" failures="0" tests="2" name="testcases.HomePageTest" time="4.380" errors="0" timestamp="2025-02-15T17:30:01 IST" skipped="0">
  <testcase classname="testcases.HomePageTest" name="dropdownSelectTest" time="2.187"/>
  <system-out/>
  <testcase classname="testcases.HomePageTest" name="addToCartProductTest" time="2.193"/>
  <system-out/>
</testsuite> <!-- testcases.HomePageTest -->
