<?xml version="1.0" encoding="UTF-8"?>
<!-- Generated by org.testng.reporters.JUnitReportReporter -->
<testsuite hostname="MAYUR" failures="0" tests="3" name="testcases.CartPageTest" time="6.616" errors="0" timestamp="2025-04-03T09:43:57 IST" skipped="0">
  <testcase classname="testcases.CartPageTest" name="cartPageHeaderText" time="2.211"/>
  <system-out/>
  <testcase classname="testcases.CartPageTest" name="verifyCartPageProductTest" time="2.128"/>
  <system-out/>
  <testcase classname="testcases.CartPageTest" name="verifyCheckoutPageTest" time="2.277"/>
  <system-out/>
</testsuite> <!-- testcases.CartPageTest -->
