<?xml version="1.0" encoding="UTF-8"?>
<!-- Generated by org.testng.reporters.JUnitReportReporter -->
<testsuite hostname="MAYUR" failures="0" tests="2" name="testcases.LoginPageTest" time="6.987" errors="0" timestamp="2025-04-03T09:43:57 IST" skipped="0">
  <testcase classname="testcases.LoginPageTest" name="loginPagetitleTest" time="5.005"/>
  <system-out/>
  <testcase classname="testcases.LoginPageTest" name="loginTest" time="1.982"/>
  <system-out/>
</testsuite> <!-- testcases.LoginPageTest -->
