<?xml version="1.0" encoding="UTF-8"?>
<!-- Generated by org.testng.reporters.JUnitReportReporter -->
<testsuite hostname="MAYUR" failures="0" tests="2" name="testcases.CheckoutPageTest" time="6.269" errors="0" timestamp="2025-02-15T17:30:01 IST" skipped="0">
  <testcase classname="testcases.CheckoutPageTest" name="verifyCheckoutPageTitleTest" time="2.624"/>
  <system-out/>
  <testcase classname="testcases.CheckoutPageTest" name="placeOrderTest" time="3.645"/>
  <system-out/>
</testsuite> <!-- testcases.CheckoutPageTest -->
