<?xml version="1.0" encoding="UTF-8"?>
<!-- Generated by org.testng.reporters.JUnitReportReporter -->
<testsuite hostname="MAYUR" failures="0" tests="2" name="loginPageTest.LoginPageTest" time="4.359" errors="0" timestamp="2025-02-12T14:54:10 IST" skipped="0">
  <testcase classname="loginPageTest.LoginPageTest" name="loginPagetitleTest" time="2.370"/>
  <system-out/>
  <testcase classname="loginPageTest.LoginPageTest" name="loginTest" time="1.989"/>
  <system-out/>
</testsuite> <!-- loginPageTest.LoginPageTest -->
