<?xml version="1.0" encoding="UTF-8"?>
<!-- Generated by org.testng.reporters.JUnitReportReporter -->
<testsuite hostname="MAYUR" failures="0" tests="2" name="testcases.HomePageTest" time="4.109" errors="0" timestamp="2025-04-03T09:43:57 IST" skipped="0">
  <testcase classname="testcases.HomePageTest" name="dropdownSelectTest" time="2.076"/>
  <system-out/>
  <testcase classname="testcases.HomePageTest" name="addToCartProductTest" time="2.033"/>
  <system-out/>
</testsuite> <!-- testcases.HomePageTest -->
